0 info it worked if it ends with ok
1 warn npm npm does not support Node.js v0.10.31
2 warn npm You should probably upgrade to a newer version of node as we
3 warn npm can't make any promises that npm will work with this version.
4 warn npm You can find the latest version at https://nodejs.org/
5 verbose cli [ 'node', '/usr/local/bin/npm', 'start' ]
6 info using npm@4.0.5
7 info using node@v0.10.31
8 verbose node symlink /usr/local/bin/node
9 verbose run-script [ 'prestart', 'start', 'poststart' ]
10 info lifecycle interactive-es6@1.0.0~prestart: interactive-es6@1.0.0
11 silly lifecycle interactive-es6@1.0.0~prestart: no script for prestart, continuing
12 info lifecycle interactive-es6@1.0.0~start: interactive-es6@1.0.0
13 verbose lifecycle interactive-es6@1.0.0~start: unsafe-perm in lifecycle true
14 verbose lifecycle interactive-es6@1.0.0~start: PATH: /usr/local/lib/node_modules/npm/bin/node-gyp-bin:/Users/gblight/Sites/repos/cif-wellness-diary-table/node_modules/.bin:/Users/gblight/.rbenv/shims:/Users/gblight/.rbenv/bin:/usr/local/bin:/usr/bin:/bin:/usr/sbin:/sbin:/opt/X11/bin
15 verbose lifecycle interactive-es6@1.0.0~start: CWD: /Users/gblight/Sites/repos/cif-wellness-diary-table
16 silly lifecycle interactive-es6@1.0.0~start: Args: [ '-c', 'grunt' ]
17 silly lifecycle interactive-es6@1.0.0~start: Returned: code: 6  signal: null
18 info lifecycle interactive-es6@1.0.0~start: Failed to exec start script
19 verbose stack Error: interactive-es6@1.0.0 start: `grunt`
19 verbose stack Exit status 6
19 verbose stack     at EventEmitter.<anonymous> (/usr/local/lib/node_modules/npm/lib/utils/lifecycle.js:279:16)
19 verbose stack     at EventEmitter.emit (events.js:98:17)
19 verbose stack     at ChildProcess.<anonymous> (/usr/local/lib/node_modules/npm/lib/utils/spawn.js:40:14)
19 verbose stack     at ChildProcess.emit (events.js:98:17)
19 verbose stack     at maybeClose (child_process.js:756:16)
19 verbose stack     at Process.ChildProcess._handle.onexit (child_process.js:823:5)
20 verbose pkgid interactive-es6@1.0.0
21 verbose cwd /Users/gblight/Sites/repos/cif-wellness-diary-table
22 error Darwin 14.5.0
23 error argv "node" "/usr/local/bin/npm" "start"
24 error node v0.10.31
25 error npm  v4.0.5
26 error code ELIFECYCLE
27 error interactive-es6@1.0.0 start: `grunt`
27 error Exit status 6
28 error Failed at the interactive-es6@1.0.0 start script 'grunt'.
28 error Make sure you have the latest version of node.js and npm installed.
28 error If you do, this is most likely a problem with the interactive-es6 package,
28 error not with npm itself.
28 error Tell the author that this fails on your system:
28 error     grunt
28 error You can get information on how to open an issue for this project with:
28 error     npm bugs interactive-es6
28 error Or if that isn't available, you can get their info via:
28 error     npm owner ls interactive-es6
28 error There is likely additional logging output above.
29 verbose exit [ 1, true ]
